<?xml version="1.0" encoding="UTF-8" standalone="yes"?><!DOCTYPE report PUBLIC "-//JACOCO//DTD Report 1.1//EN" "report.dtd"><report name="yieldcurve"><sessioninfo id="Agielies-a102cc54" start="1717318846179" dump="1717318846426"/><sessioninfo id="Agielies-94c24efa" start="1717318919569" dump="1717318919754"/><sessioninfo id="Agielies-ed7463a9" start="1717319567947" dump="1717319568146"/><sessioninfo id="Agielies-dd2c4da1" start="1717319686269" dump="1717319686446"/><sessioninfo id="Agielies-1f85b5c1" start="1717319878910" dump="1717319879094"/><sessioninfo id="Agielies-a475a06b" start="1717319889213" dump="1717319889420"/><sessioninfo id="Agielies-d0df7573" start="1717319955666" dump="1717319955882"/><sessioninfo id="Agielies-3e85dd7e" start="1717319968960" dump="1717319969189"/><sessioninfo id="Agielies-d1b50e26" start="1717320054204" dump="1717320054406"/><sessioninfo id="Agielies-c1204a32" start="1717320063016" dump="1717320063216"/><sessioninfo id="Agielies-70159eed" start="1717320184101" dump="1717320184276"/><sessioninfo id="Agielies-e6e5c07e" start="1717320286424" dump="1717320286643"/><sessioninfo id="Agielies-1f676516" start="1717320380194" dump="1717320380382"/><sessioninfo id="Agielies-c19145c7" start="1717320472671" dump="1717320472863"/><sessioninfo id="Agielies-15504073" start="1717320487099" dump="1717320487277"/><sessioninfo id="Agielies-a2b77db5" start="1717320531944" dump="1717320532134"/><sessioninfo id="Agielies-1816158d" start="1717320590737" dump="1717320590917"/><sessioninfo id="Agielies-3029c96b" start="1717320656853" dump="1717320657067"/><sessioninfo id="Agielies-7939fb63" start="1717321189168" dump="1717321189428"/><sessioninfo id="Agielies-2d40b480" start="1717321249846" dump="1717321250093"/><sessioninfo id="Agielies-92f52d77" start="1717321736348" dump="1717321736583"/><sessioninfo id="Agielies-9d38a9e4" start="1717321765364" dump="1717321765615"/><sessioninfo id="Agielies-e88d2a89" start="1717321792306" dump="1717321792526"/><sessioninfo id="Agielies-e627e75b" start="1717322474586" dump="1717322474881"/><sessioninfo id="Agielies-c194a452" start="1717322890750" dump="1717322891048"/><sessioninfo id="Agielies-f5c2475a" start="1717322908631" dump="1717322908947"/><sessioninfo id="Agielies-2136135a" start="1717323082170" dump="1717323082437"/><sessioninfo id="Agielies-af9dfa2a" start="1717324247192" dump="1717324247492"/><sessioninfo id="Agielies-9eebaf9c" start="1717324472098" dump="1717324472335"/><sessioninfo id="Agielies-6d14fe95" start="1717324535291" dump="1717324535579"/><sessioninfo id="Agielies-7cfd6857" start="1717324897632" dump="1717324897902"/><sessioninfo id="Agielies-d84ded86" start="1717324998479" dump="1717324998688"/><sessioninfo id="Agielies-dbd7a621" start="1717326365924" dump="1717326366179"/><sessioninfo id="Agielies-bd828d3f" start="1717326402914" dump="1717326403142"/><sessioninfo id="Agielies-2a023d21" start="1717385802728" dump="1717385802943"/><sessioninfo id="Agielies-8b25bad3" start="1717386234144" dump="1717386234361"/><sessioninfo id="Agielies-ab924d2f" start="1717386825960" dump="1717386826170"/><sessioninfo id="Agielies-9fb9f818" start="1717386939554" dump="1717386939842"/><package name=""><class name="RateType" sourcefilename="RateType.java"><method name="&lt;clinit&gt;" desc="()V" line="1"><counter type="INSTRUCTION" missed="0" covered="34"/><counter type="LINE" missed="0" covered="2"/><counter type="COMPLEXITY" missed="0" covered="1"/><counter type="METHOD" missed="0" covered="1"/></method><counter type="INSTRUCTION" missed="0" covered="34"/><counter type="LINE" missed="0" covered="2"/><counter type="COMPLEXITY" missed="0" covered="1"/><counter type="METHOD" missed="0" covered="1"/><counter type="CLASS" missed="0" covered="1"/></class><class name="YieldCurve" sourcefilename="YieldCurve.java"><method name="&lt;init&gt;" desc="(Ljava/util/List;Ljava/util/List;Ljava/util/List;)V" line="20"><counter type="INSTRUCTION" missed="0" covered="32"/><counter type="LINE" missed="0" covered="8"/><counter type="COMPLEXITY" missed="0" covered="1"/><counter type="METHOD" missed="0" covered="1"/></method><method name="calculateMidRates" desc="(Ljava/util/List;Ljava/util/List;)Ljava/util/List;" line="37"><counter type="INSTRUCTION" missed="0" covered="33"/><counter type="BRANCH" missed="0" covered="2"/><counter type="LINE" missed="0" covered="5"/><counter type="COMPLEXITY" missed="0" covered="2"/><counter type="METHOD" missed="0" covered="1"/></method><method name="getRate" desc="(Ljava/time/LocalDate;LRateType;)D" line="55"><counter type="INSTRUCTION" missed="0" covered="98"/><counter type="BRANCH" missed="0" covered="6"/><counter type="LINE" missed="0" covered="14"/><counter type="COMPLEXITY" missed="0" covered="4"/><counter type="METHOD" missed="0" covered="1"/></method><method name="linearInterpolate" desc="(DDDDD)D" line="91"><counter type="INSTRUCTION" missed="0" covered="14"/><counter type="LINE" missed="0" covered="1"/><counter type="COMPLEXITY" missed="0" covered="1"/><counter type="METHOD" missed="0" covered="1"/></method><method name="lambda$0" desc="(Ljava/time/LocalDate;)D" line="22"><counter type="INSTRUCTION" missed="0" covered="7"/><counter type="LINE" missed="0" covered="1"/><counter type="COMPLEXITY" missed="0" covered="1"/><counter type="METHOD" missed="0" covered="1"/></method><counter type="INSTRUCTION" missed="0" covered="184"/><counter type="BRANCH" missed="0" covered="8"/><counter type="LINE" missed="0" covered="28"/><counter type="COMPLEXITY" missed="0" covered="9"/><counter type="METHOD" missed="0" covered="5"/><counter type="CLASS" missed="0" covered="1"/></class><sourcefile name="YieldCurve.java"><line nr="20" mi="0" ci="2" mb="0" cb="0"/><line nr="21" mi="0" ci="8" mb="0" cb="0"/><line nr="22" mi="0" ci="16" mb="0" cb="0"/><line nr="23" mi="0" ci="3" mb="0" cb="0"/><line nr="24" mi="0" ci="2" mb="0" cb="0"/><line nr="25" mi="0" ci="2" mb="0" cb="0"/><line nr="26" mi="0" ci="5" mb="0" cb="0"/><line nr="27" mi="0" ci="1" mb="0" cb="0"/><line nr="37" mi="0" ci="4" mb="0" cb="0"/><line nr="38" mi="0" ci="8" mb="0" cb="2"/><line nr="39" mi="0" ci="14" mb="0" cb="0"/><line nr="40" mi="0" ci="5" mb="0" cb="0"/><line nr="42" mi="0" ci="2" mb="0" cb="0"/><line nr="55" mi="0" ci="14" mb="0" cb="0"/><line nr="56" mi="0" ci="4" mb="0" cb="2"/><line nr="57" mi="0" ci="5" mb="0" cb="0"/><line nr="60" mi="0" ci="6" mb="0" cb="0"/><line nr="61" mi="0" ci="13" mb="0" cb="2"/><line nr="62" mi="0" ci="9" mb="0" cb="0"/><line nr="65" mi="0" ci="6" mb="0" cb="0"/><line nr="66" mi="0" ci="11" mb="0" cb="2"/><line nr="68" mi="0" ci="3" mb="0" cb="0"/><line nr="69" mi="0" ci="1" mb="0" cb="0"/><line nr="70" mi="0" ci="6" mb="0" cb="0"/><line nr="71" mi="0" ci="8" mb="0" cb="0"/><line nr="72" mi="0" ci="5" mb="0" cb="0"/><line nr="73" mi="0" ci="7" mb="0" cb="0"/><line nr="91" mi="0" ci="14" mb="0" cb="0"/><counter type="INSTRUCTION" missed="0" covered="184"/><counter type="BRANCH" missed="0" covered="8"/><counter type="LINE" missed="0" covered="28"/><counter type="COMPLEXITY" missed="0" covered="9"/><counter type="METHOD" missed="0" covered="5"/><counter type="CLASS" missed="0" covered="1"/></sourcefile><sourcefile name="RateType.java"><line nr="1" mi="0" ci="16" mb="0" cb="0"/><line nr="2" mi="0" ci="18" mb="0" cb="0"/><counter type="INSTRUCTION" missed="0" covered="34"/><counter type="LINE" missed="0" covered="2"/><counter type="COMPLEXITY" missed="0" covered="1"/><counter type="METHOD" missed="0" covered="1"/><counter type="CLASS" missed="0" covered="1"/></sourcefile><counter type="INSTRUCTION" missed="0" covered="218"/><counter type="BRANCH" missed="0" covered="8"/><counter type="LINE" missed="0" covered="30"/><counter type="COMPLEXITY" missed="0" covered="10"/><counter type="METHOD" missed="0" covered="6"/><counter type="CLASS" missed="0" covered="2"/></package><counter type="INSTRUCTION" missed="0" covered="218"/><counter type="BRANCH" missed="0" covered="8"/><counter type="LINE" missed="0" covered="30"/><counter type="COMPLEXITY" missed="0" covered="10"/><counter type="METHOD" missed="0" covered="6"/><counter type="CLASS" missed="0" covered="2"/></report>